Using pre-set license
Built from '2021.3/staging' branch; Version is '2021.3.2f1 (d6360bedb9a0) revision 14038539'; Using compiler version '192829333'; Build Type 'Release'
OS: 'Windows 10  (10.0.19044) 64bit Professional' Language: 'ko' Physical Memory: 16297 MB
BatchMode: 1, IsHumanControllingUs: 0, StartBugReporterOnCrash: 0, Is64bit: 1, IsPro: 1

COMMAND LINE ARGUMENTS:
C:\Program Files\Unity\Hub\Editor\2021.3.2f1\Editor\Unity.exe
-adb2
-batchMode
-noUpm
-name
AssetImportWorker2
-projectPath
C:/Users/Administrator/Desktop/Photon-Sever/Photon Server
-logFile
Logs/AssetImportWorker2.log
-srvPort
50018
Successfully changed project path to: C:/Users/Administrator/Desktop/Photon-Sever/Photon Server
C:/Users/Administrator/Desktop/Photon-Sever/Photon Server
[UnityMemory] Configuration Parameters - Can be set up in boot.config
    "memorysetup-bucket-allocator-granularity=16"
    "memorysetup-bucket-allocator-bucket-count=8"
    "memorysetup-bucket-allocator-block-size=33554432"
    "memorysetup-bucket-allocator-block-count=8"
    "memorysetup-main-allocator-block-size=16777216"
    "memorysetup-thread-allocator-block-size=16777216"
    "memorysetup-gfx-main-allocator-block-size=16777216"
    "memorysetup-gfx-thread-allocator-block-size=16777216"
    "memorysetup-cache-allocator-block-size=4194304"
    "memorysetup-typetree-allocator-block-size=2097152"
    "memorysetup-profiler-bucket-allocator-granularity=16"
    "memorysetup-profiler-bucket-allocator-bucket-count=8"
    "memorysetup-profiler-bucket-allocator-block-size=33554432"
    "memorysetup-profiler-bucket-allocator-block-count=8"
    "memorysetup-profiler-allocator-block-size=16777216"
    "memorysetup-profiler-editor-allocator-block-size=1048576"
    "memorysetup-temp-allocator-size-main=16777216"
    "memorysetup-job-temp-allocator-block-size=2097152"
    "memorysetup-job-temp-allocator-block-size-background=1048576"
    "memorysetup-job-temp-allocator-reduction-small-platforms=262144"
    "memorysetup-temp-allocator-size-background-worker=32768"
    "memorysetup-temp-allocator-size-job-worker=262144"
    "memorysetup-temp-allocator-size-preload-manager=33554432"
    "memorysetup-temp-allocator-size-nav-mesh-worker=65536"
    "memorysetup-temp-allocator-size-audio-worker=65536"
    "memorysetup-temp-allocator-size-cloud-worker=32768"
    "memorysetup-temp-allocator-size-gi-baking-worker=262144"
    "memorysetup-temp-allocator-size-gfx=262144"
Refreshing native plugins compatible for Editor in 81.21 ms, found 3 plugins.
Preloading 0 native plugins for Editor in 0.00 ms.
Initialize engine version: 2021.3.2f1 (d6360bedb9a0)
[Subsystems] Discovering subsystems at path C:/Program Files/Unity/Hub/Editor/2021.3.2f1/Editor/Data/Resources/UnitySubsystems
[Subsystems] Discovering subsystems at path C:/Users/Administrator/Desktop/Photon-Sever/Photon Server/Assets
GfxDevice: creating device client; threaded=0; jobified=0
Direct3D:
    Version:  Direct3D 11.0 [level 11.1]
    Renderer: NVIDIA GeForce GTX 1660 (ID=0x2184)
    Vendor:   NVIDIA
    VRAM:     5992 MB
    Driver:   30.0.15.1215
Initialize mono
Mono path[0] = 'C:/Program Files/Unity/Hub/Editor/2021.3.2f1/Editor/Data/Managed'
Mono path[1] = 'C:/Program Files/Unity/Hub/Editor/2021.3.2f1/Editor/Data/MonoBleedingEdge/lib/mono/unityjit-win32'
Mono config path = 'C:/Program Files/Unity/Hub/Editor/2021.3.2f1/Editor/Data/MonoBleedingEdge/etc'
Using monoOptions --debugger-agent=transport=dt_socket,embedding=1,server=y,suspend=n,address=127.0.0.1:56384
Begin MonoManager ReloadAssembly
Registering precompiled unity dll's ...
Register platform support module: C:/Program Files/Unity/Hub/Editor/2021.3.2f1/Editor/Data/PlaybackEngines/WebGLSupport/UnityEditor.WebGL.Extensions.dll
Register platform support module: C:/Program Files/Unity/Hub/Editor/2021.3.2f1/Editor/Data/PlaybackEngines/AndroidPlayer/UnityEditor.Android.Extensions.dll
Register platform support module: C:/Program Files/Unity/Hub/Editor/2021.3.2f1/Editor/Data/PlaybackEngines/WindowsStandaloneSupport/UnityEditor.WindowsStandalone.Extensions.dll
Registered in 0.005967 seconds.
Native extension for WindowsStandalone target not found
Native extension for Android target not found
Native extension for WebGL target not found
Refreshing native plugins compatible for Editor in 77.13 ms, found 3 plugins.
Preloading 0 native plugins for Editor in 0.00 ms.
Mono: successfully reloaded assembly
- Completed reload, in  0.586 seconds
Domain Reload Profiling:
	ReloadAssembly (587ms)
		BeginReloadAssembly (66ms)
			ExecutionOrderSort (0ms)
			DisableScriptedObjects (0ms)
			BackupInstance (0ms)
			ReleaseScriptingObjects (0ms)
			CreateAndSetChildDomain (1ms)
		EndReloadAssembly (424ms)
			LoadAssemblies (64ms)
			RebuildTransferFunctionScriptingTraits (0ms)
			SetupTypeCache (96ms)
			ReleaseScriptCaches (0ms)
			RebuildScriptCaches (26ms)
			SetupLoadedEditorAssemblies (253ms)
				LogAssemblyErrors (0ms)
				InitializePlatformSupportModulesInManaged (47ms)
				SetLoadedEditorAssemblies (0ms)
				RefreshPlugins (77ms)
				BeforeProcessingInitializeOnLoad (1ms)
				ProcessInitializeOnLoadAttributes (90ms)
				ProcessInitializeOnLoadMethodAttributes (38ms)
				AfterProcessingInitializeOnLoad (0ms)
				EditorAssembliesLoaded (0ms)
			ExecutionOrderSort2 (0ms)
			AwakeInstancesAfterBackupRestoration (0ms)
Platform modules already initialized, skipping
Registering precompiled user dll's ...
Registered in 0.004747 seconds.
Begin MonoManager ReloadAssembly
Symbol file LoadedFromMemory doesn't match image C:\Users\Administrator\Desktop\Photon-Sever\Photon Server\Library\PackageCache\com.unity.visualscripting@1.7.6\Editor\VisualScripting.Core\Dependencies\YamlDotNet\Unity.VisualScripting.YamlDotNet.dll
Symbol file LoadedFromMemory doesn't match image C:\Users\Administrator\Desktop\Photon-Sever\Photon Server\Library\PackageCache\com.unity.visualscripting@1.7.6\Editor\VisualScripting.Core\Dependencies\DotNetZip\Unity.VisualScripting.IonicZip.dll
Native extension for WindowsStandalone target not found
Native extension for Android target not found
Native extension for WebGL target not found
Refreshing native plugins compatible for Editor in 0.68 ms, found 3 plugins.
Preloading 0 native plugins for Editor in 0.00 ms.
Mono: successfully reloaded assembly
- Completed reload, in  1.239 seconds
Domain Reload Profiling:
	ReloadAssembly (1240ms)
		BeginReloadAssembly (203ms)
			ExecutionOrderSort (0ms)
			DisableScriptedObjects (5ms)
			BackupInstance (0ms)
			ReleaseScriptingObjects (0ms)
			CreateAndSetChildDomain (119ms)
		EndReloadAssembly (931ms)
			LoadAssemblies (80ms)
			RebuildTransferFunctionScriptingTraits (0ms)
			SetupTypeCache (260ms)
			ReleaseScriptCaches (1ms)
			RebuildScriptCaches (56ms)
			SetupLoadedEditorAssemblies (498ms)
				LogAssemblyErrors (0ms)
				InitializePlatformSupportModulesInManaged (15ms)
				SetLoadedEditorAssemblies (0ms)
				RefreshPlugins (1ms)
				BeforeProcessingInitializeOnLoad (90ms)
				ProcessInitializeOnLoadAttributes (360ms)
				ProcessInitializeOnLoadMethodAttributes (26ms)
				AfterProcessingInitializeOnLoad (5ms)
				EditorAssembliesLoaded (0ms)
			ExecutionOrderSort2 (0ms)
			AwakeInstancesAfterBackupRestoration (6ms)
Platform modules already initialized, skipping
========================================================================
Worker process is ready to serve import requests
Launched and connected shader compiler UnityShaderCompiler.exe after 0.03 seconds
Refreshing native plugins compatible for Editor in 0.77 ms, found 3 plugins.
Preloading 0 native plugins for Editor in 0.00 ms.
Unloading 3726 Unused Serialized files (Serialized files now loaded: 0)
Unloading 33 unused Assets / (112.2 KB). Loaded Objects now: 4184.
Memory consumption went from 138.5 MB to 138.4 MB.
Total: 3.392900 ms (FindLiveObjects: 0.580300 ms CreateObjectMapping: 0.351200 ms MarkObjects: 2.344800 ms  DeleteObjects: 0.115100 ms)

AssetImportParameters requested are different than current active one (requested -> active):
  custom:video-decoder-ogg-theora: a1e56fd34408186e4bbccfd4996cb3dc -> 
  custom:container-muxer-webm: aa71ff27fc2769a1b78a27578f13a17b -> 
  custom:container-demuxer-webm: 4f35f7cbe854078d1ac9338744f61a02 -> 
  custom:video-encoder-webm-vp8: eb34c28f22e8b96e1ab97ce403110664 -> 
  custom:audio-encoder-webm-vorbis: bf7c407c2cedff20999df2af8eb42d56 -> 
  custom:framework-win-MediaFoundation: 216162199b28c13a410421893ffa2e32 -> 
  custom:container-demuxer-ogg: 62fdf1f143b41e24485cea50d1cbac27 -> 
  custom:video-decoder-webm-vp8: 9c59270c3fd7afecdb556c50c9e8de78 -> 
  custom:audio-decoder-ogg-vorbis: bf7c407c2cedff20999df2af8eb42d56 -> 
========================================================================
Received Import Request.
  Time since last request: 536.522680 seconds.
  path: Assets/Photon/PhotonUnityNetworking/Demos/DemoAsteroids/Models/Asteroid01.fbx
  artifactKey: Guid(401fae203bae0ee428e401e7f9af9be8) Importer(815301076,1909f56bfc062723c751e8b465ee728b)
Start importing Assets/Photon/PhotonUnityNetworking/Demos/DemoAsteroids/Models/Asteroid01.fbx using Guid(401fae203bae0ee428e401e7f9af9be8) Importer(815301076,1909f56bfc062723c751e8b465ee728b)  -> (artifact id: '0d07453812fbfc3e285ad5a5b7503ee2') in 0.419922 seconds 
========================================================================
Received Import Request.
  Time since last request: 0.000019 seconds.
  path: Assets/SlimUI/Tech Menu/Graphics/Arrow.png
  artifactKey: Guid(c36699fb3b37a0d499718ec291dc9a70) Importer(815301076,1909f56bfc062723c751e8b465ee728b)
Start importing Assets/SlimUI/Tech Menu/Graphics/Arrow.png using Guid(c36699fb3b37a0d499718ec291dc9a70) Importer(815301076,1909f56bfc062723c751e8b465ee728b)  -> (artifact id: '0f4fd32f294f6a2554a121b009b2e37b') in 0.049415 seconds 
========================================================================
Received Import Request.
  Time since last request: 0.000042 seconds.
  path: Assets/SlimUI/Tech Menu/Shaders/BlurUI_RoundPanel.mat
  artifactKey: Guid(9db4bf73400f80a4d99a25ff7f688fcc) Importer(815301076,1909f56bfc062723c751e8b465ee728b)
Start importing Assets/SlimUI/Tech Menu/Shaders/BlurUI_RoundPanel.mat using Guid(9db4bf73400f80a4d99a25ff7f688fcc) Importer(815301076,1909f56bfc062723c751e8b465ee728b)  -> (artifact id: '36b52a8b9329144f681b5da22639bf0c') in 0.039072 seconds 
========================================================================
Received Import Request.
  Time since last request: 0.000022 seconds.
  path: Assets/SlimUI/Tech Menu/Shaders/BlurUI_Light.mat
  artifactKey: Guid(d62cc7452748acb43b0c3abaa163f8e4) Importer(815301076,1909f56bfc062723c751e8b465ee728b)
Start importing Assets/SlimUI/Tech Menu/Shaders/BlurUI_Light.mat using Guid(d62cc7452748acb43b0c3abaa163f8e4) Importer(815301076,1909f56bfc062723c751e8b465ee728b)  -> (artifact id: '993c9e12849ade084d7df8bfc0feb7f2') in 0.015965 seconds 
========================================================================
Received Import Request.
  Time since last request: 0.000014 seconds.
  path: Assets/Photon/PhotonUnityNetworking/Demos/DemoProcedural/Materials/Black.mat
  artifactKey: Guid(1598ff147655ecb4893e78f88baa9475) Importer(815301076,1909f56bfc062723c751e8b465ee728b)
Start importing Assets/Photon/PhotonUnityNetworking/Demos/DemoProcedural/Materials/Black.mat using Guid(1598ff147655ecb4893e78f88baa9475) Importer(815301076,1909f56bfc062723c751e8b465ee728b)  -> (artifact id: '1bfb7ffc402289a7964ae6a3e18991b8') in 0.012113 seconds 
========================================================================
Received Import Request.
  Time since last request: 0.000013 seconds.
  path: Assets/SlimUI/Tech Menu/Graphics/BarFade.png
  artifactKey: Guid(af61b345092f5db47a7707a72e78e0b9) Importer(815301076,1909f56bfc062723c751e8b465ee728b)
Start importing Assets/SlimUI/Tech Menu/Graphics/BarFade.png using Guid(af61b345092f5db47a7707a72e78e0b9) Importer(815301076,1909f56bfc062723c751e8b465ee728b)  -> (artifact id: 'a16ee305642abdc98401bfe15e9bf38b') in 0.037611 seconds 
========================================================================
Received Import Request.
  Time since last request: 54.514439 seconds.
  path: Assets/Script/RoomManager.cs
  artifactKey: Guid(0ce01a4b01ea9ee438ea077465bf17b5) Importer(815301076,1909f56bfc062723c751e8b465ee728b)
Start importing Assets/Script/RoomManager.cs using Guid(0ce01a4b01ea9ee438ea077465bf17b5) Importer(815301076,1909f56bfc062723c751e8b465ee728b)  -> (artifact id: 'a7032f9948fc92a21d9a7d099bb00d0f') in 0.033718 seconds 
========================================================================
Received Import Request.
  Time since last request: 91.537757 seconds.
  path: Assets/Scenes/Photon Game.unity
  artifactKey: Guid(2d0f86a59f2c83945bc552abbf0a457b) Importer(815301076,1909f56bfc062723c751e8b465ee728b)
Start importing Assets/Scenes/Photon Game.unity using Guid(2d0f86a59f2c83945bc552abbf0a457b) Importer(815301076,1909f56bfc062723c751e8b465ee728b)  -> (artifact id: '8143784c83d0100ec388138feea65e3a') in 0.004396 seconds 
========================================================================
Received Import Request.
  Time since last request: 17.904201 seconds.
  path: Assets/Photon/PhotonUnityNetworking/Demos/DemoSlotRacer/Kenney Assets/Racing Kit/Models/Materials/road.mat
  artifactKey: Guid(4b56a40ac6992974b8aac0882a4c7555) Importer(815301076,1909f56bfc062723c751e8b465ee728b)
Start importing Assets/Photon/PhotonUnityNetworking/Demos/DemoSlotRacer/Kenney Assets/Racing Kit/Models/Materials/road.mat using Guid(4b56a40ac6992974b8aac0882a4c7555) Importer(815301076,1909f56bfc062723c751e8b465ee728b)  -> (artifact id: 'ea482788b44d977551febc3d27053866') in 0.017791 seconds 
========================================================================
Received Import Request.
  Time since last request: 0.004975 seconds.
  path: Assets/Photon/PhotonUnityNetworking/Demos/DemoSlotRacer/Kenney Assets/Racing Kit/Models/roadRampLongCurvedWall.fbx
  artifactKey: Guid(002276cc119770f4c8b9797abd47f7e5) Importer(815301076,1909f56bfc062723c751e8b465ee728b)
Start importing Assets/Photon/PhotonUnityNetworking/Demos/DemoSlotRacer/Kenney Assets/Racing Kit/Models/roadRampLongCurvedWall.fbx using Guid(002276cc119770f4c8b9797abd47f7e5) Importer(815301076,1909f56bfc062723c751e8b465ee728b)  -> (artifact id: '933dd7bcb67a2bda486892dee32c2fce') in 0.029410 seconds 
========================================================================
Received Import Request.
  Time since last request: 0.000021 seconds.
  path: Assets/SlimUI/Tech Menu/Graphics/ScrollBarHandle.png
  artifactKey: Guid(70c2385ad99365544a2aaf73b1fff80d) Importer(815301076,1909f56bfc062723c751e8b465ee728b)
Start importing Assets/SlimUI/Tech Menu/Graphics/ScrollBarHandle.png using Guid(70c2385ad99365544a2aaf73b1fff80d) Importer(815301076,1909f56bfc062723c751e8b465ee728b)  -> (artifact id: '3955ccebd4c833eae0e4876146873dc3') in 0.021440 seconds 
========================================================================
Received Import Request.
  Time since last request: 0.000023 seconds.
  path: Assets/Photon/PhotonUnityNetworking/Demos/DemoSlotRacer/Kenney Assets/Racing Kit/Models/roadStraight.fbx
  artifactKey: Guid(ca7c80957e4a0044c8068142334ca1b3) Importer(815301076,1909f56bfc062723c751e8b465ee728b)
Start importing Assets/Photon/PhotonUnityNetworking/Demos/DemoSlotRacer/Kenney Assets/Racing Kit/Models/roadStraight.fbx using Guid(ca7c80957e4a0044c8068142334ca1b3) Importer(815301076,1909f56bfc062723c751e8b465ee728b)  -> (artifact id: 'e5579f3f69f88f8a9bd9e9a3473dc420') in 0.023050 seconds 
========================================================================
Received Import Request.
  Time since last request: 0.000033 seconds.
  path: Assets/Photon/PhotonUnityNetworking/Demos/Shared Assets/Materials/Robot_Color.mat
  artifactKey: Guid(0aa851515cd3747d6b3b3e461199a2ed) Importer(815301076,1909f56bfc062723c751e8b465ee728b)
Start importing Assets/Photon/PhotonUnityNetworking/Demos/Shared Assets/Materials/Robot_Color.mat using Guid(0aa851515cd3747d6b3b3e461199a2ed) Importer(815301076,1909f56bfc062723c751e8b465ee728b)  -> (artifact id: '1379f7fccdf9edd6e46796d0efae1f06') in 0.131201 seconds 
========================================================================
Received Import Request.
  Time since last request: 0.000022 seconds.
  path: Assets/Photon/PhotonUnityNetworking/Demos/DemoSlotRacer/Kenney Assets/Racing Kit/Models/roadStartPositions.fbx
  artifactKey: Guid(f5a5b74b30add9048911cae29679bbce) Importer(815301076,1909f56bfc062723c751e8b465ee728b)
Start importing Assets/Photon/PhotonUnityNetworking/Demos/DemoSlotRacer/Kenney Assets/Racing Kit/Models/roadStartPositions.fbx using Guid(f5a5b74b30add9048911cae29679bbce) Importer(815301076,1909f56bfc062723c751e8b465ee728b)  -> (artifact id: '5971fd7c367e4c04a0757f6a4ec399ac') in 0.026217 seconds 
========================================================================
Received Import Request.
  Time since last request: 0.000023 seconds.
  path: Assets/Photon/PhotonUnityNetworking/Demos/Shared Assets/Textures/Robot_Normal.png
  artifactKey: Guid(a1454d7237641fa49a7f66d6bee624ad) Importer(815301076,1909f56bfc062723c751e8b465ee728b)
Start importing Assets/Photon/PhotonUnityNetworking/Demos/Shared Assets/Textures/Robot_Normal.png using Guid(a1454d7237641fa49a7f66d6bee624ad) Importer(815301076,1909f56bfc062723c751e8b465ee728b)  -> (artifact id: 'ea6fc5ba31fb8b21393b47d4817504b7') in 0.016231 seconds 
========================================================================
Received Import Request.
  Time since last request: 0.000040 seconds.
  path: Assets/Photon/PhotonUnityNetworking/Demos/Shared Assets/Textures/Robot_Color.png
  artifactKey: Guid(1fbb41709a1d9334696860db720026e5) Importer(815301076,1909f56bfc062723c751e8b465ee728b)
Start importing Assets/Photon/PhotonUnityNetworking/Demos/Shared Assets/Textures/Robot_Color.png using Guid(1fbb41709a1d9334696860db720026e5) Importer(815301076,1909f56bfc062723c751e8b465ee728b)  -> (artifact id: 'bfede157260af3ffc6734af03e255264') in 0.010731 seconds 
========================================================================
Received Import Request.
  Time since last request: 0.000019 seconds.
  path: Assets/Photon/PhotonUnityNetworking/Demos/DemoSlotRacer/Kenney Assets/Stylized city/Materials/roof.mat
  artifactKey: Guid(ede00b712b6fb134282e1efba44fefd8) Importer(815301076,1909f56bfc062723c751e8b465ee728b)
Start importing Assets/Photon/PhotonUnityNetworking/Demos/DemoSlotRacer/Kenney Assets/Stylized city/Materials/roof.mat using Guid(ede00b712b6fb134282e1efba44fefd8) Importer(815301076,1909f56bfc062723c751e8b465ee728b)  -> (artifact id: '42ea68f2851198b3e6fa7580d47d4167') in 0.013363 seconds 
========================================================================
Received Import Request.
  Time since last request: 0.552172 seconds.
  path: Assets/PlayFabEditorExtensions/Editor/UI/Images/red.png
  artifactKey: Guid(ba384a3c945464600a4046641bb57ca3) Importer(815301076,1909f56bfc062723c751e8b465ee728b)
Start importing Assets/PlayFabEditorExtensions/Editor/UI/Images/red.png using Guid(ba384a3c945464600a4046641bb57ca3) Importer(815301076,1909f56bfc062723c751e8b465ee728b)  -> (artifact id: '886f96719dbe44aa8020cf2d30851f60') in 0.014281 seconds 
========================================================================
Received Import Request.
  Time since last request: 0.000027 seconds.
  path: Assets/Photon/PhotonUnityNetworking/Demos/DemoSlotRacer/SlotCar-Scene/ReflectionProbe-0.exr
  artifactKey: Guid(ca2a72e1727404226a9166460e788ac7) Importer(815301076,1909f56bfc062723c751e8b465ee728b)
Start importing Assets/Photon/PhotonUnityNetworking/Demos/DemoSlotRacer/SlotCar-Scene/ReflectionProbe-0.exr using Guid(ca2a72e1727404226a9166460e788ac7) Importer(815301076,1909f56bfc062723c751e8b465ee728b)  -> (artifact id: '39cf25fe7894851d6cacfa96ad57141d') in 0.041003 seconds 
========================================================================
Received Import Request.
  Time since last request: 1.781050 seconds.
  path: Assets/Photon/PhotonUnityNetworking/Demos/DemoAsteroids/Resources/SmallAsteroid.prefab
  artifactKey: Guid(18a79aea49b60d342b7a672b7a34edbe) Importer(815301076,1909f56bfc062723c751e8b465ee728b)
Start importing Assets/Photon/PhotonUnityNetworking/Demos/DemoAsteroids/Resources/SmallAsteroid.prefab using Guid(18a79aea49b60d342b7a672b7a34edbe) Importer(815301076,1909f56bfc062723c751e8b465ee728b)  -> (artifact id: '63ae1a5e53cb0ad0178b6a0fef90c881') in 0.197874 seconds 
========================================================================
Received Import Request.
  Time since last request: 0.259660 seconds.
  path: Assets/Photon/PhotonUnityNetworking/Demos/PunBasics-Tutorial/Prefabs/Quit Room Button.prefab
  artifactKey: Guid(b19bb80838bcf4457bf6f50a19c5593b) Importer(815301076,1909f56bfc062723c751e8b465ee728b)
Start importing Assets/Photon/PhotonUnityNetworking/Demos/PunBasics-Tutorial/Prefabs/Quit Room Button.prefab using Guid(b19bb80838bcf4457bf6f50a19c5593b) Importer(815301076,1909f56bfc062723c751e8b465ee728b)  -> (artifact id: '47e199602d65a8260b04ca76aa045ee0') in 0.020533 seconds 
Editor requested this worker to shutdown with reason: Scaling down because of idle timeout
AssetImportWorker is now disconnected from the server
Process exiting
Exiting without the bug reporter. Application will terminate with return code 0